[38;5;0m[HTTP][0m [37m-->[39m [37mPOST[39m [37m/session[39m
[38;5;0m[HTTP][0m [90m{"capabilities":{"alwaysMatch":{"platformName":"Android","appium:deviceName":"Nexus 9 API 31","appium:platformVersion":"12","appium:app":"C:\\Users\\abdur\\Downloads\\app-release.apk","appium:automationName":"UiAutomator2","appium:noReset":true,"appium:autoLaunch":false},"firstMatch":[{}]},"desiredCapabilities":{"platformName":"Android","appium:deviceName":"Nexus 9 API 31","appium:platformVersion":"12","appium:app":"C:\\Users\\abdur\\Downloads\\app-release.apk","appium:automationName":"UiAutomator2","appium:noReset":true,"appium:autoLaunch":false}}[39m
[debug] [38;5;16m[AppiumDriver@cfdb][0m Calling AppiumDriver.createSession() with args: [{"platformName":"Android","appium:deviceName":"Nexus 9 API 31","appium:platformVersion":"12","appium:app":"C:\\Users\\abdur\\Downloads\\app-release.apk","appium:automationName":"UiAutomator2","appium:noReset":true,"appium:autoLaunch":false},null,{"alwaysMatch":{"platformName":"Android","appium:deviceName":"Nexus 9 API 31","appium:platformVersion":"12","appium:app":"C:\\Users\\abdur\\Downloads\\app-release.apk","appium:automationName":"UiAutomator2","appium:noReset":true,"appium:autoLaunch":false},"firstMatch":[{}]}]
[debug] [38;5;16m[AppiumDriver@cfdb][0m Event 'newSessionRequested' logged at 1689232463306 (14:14:23 GMT+0700 (Indochina Time))
[35m[Appium][39m Attempting to find matching driver for automationName 'UiAutomator2' and platformName 'Android'
[35m[Appium][39m The 'uiautomator2' driver was installed and matched caps.
[35m[Appium][39m Will require it at C:\Users\abdur\.appium\node_modules\appium-uiautomator2-driver
[debug] [35m[Appium][39m Requiring driver at C:\Users\abdur\.appium\node_modules\appium-uiautomator2-driver
[38;5;16m[AppiumDriver@cfdb][0m Appium v2.0.0 creating new AndroidUiautomator2Driver (v2.29.2) session
[38;5;16m[AppiumDriver@cfdb][0m Checking BaseDriver versions for Appium and AndroidUiautomator2Driver
[38;5;16m[AppiumDriver@cfdb][0m Appium's BaseDriver version is 9.3.15
[38;5;16m[AppiumDriver@cfdb][0m AndroidUiautomator2Driver's BaseDriver version is 9.3.15
[debug] [38;5;32m[AndroidUiautomator2Driver@6c38][0m Creating session with W3C capabilities: {
[debug] [38;5;32m[AndroidUiautomator2Driver@6c38][0m   "alwaysMatch": {
[debug] [38;5;32m[AndroidUiautomator2Driver@6c38][0m     "platformName": "Android",
[debug] [38;5;32m[AndroidUiautomator2Driver@6c38][0m     "appium:deviceName": "Nexus 9 API 31",
[debug] [38;5;32m[AndroidUiautomator2Driver@6c38][0m     "appium:platformVersion": "12",
[debug] [38;5;32m[AndroidUiautomator2Driver@6c38][0m     "appium:app": "C:\\Users\\abdur\\Downloads\\app-release.apk",
[debug] [38;5;32m[AndroidUiautomator2Driver@6c38][0m     "appium:automationName": "UiAutomator2",
[debug] [38;5;32m[AndroidUiautomator2Driver@6c38][0m     "appium:noReset": true,
[debug] [38;5;32m[AndroidUiautomator2Driver@6c38][0m     "appium:autoLaunch": false
[debug] [38;5;32m[AndroidUiautomator2Driver@6c38][0m   },
[debug] [38;5;32m[AndroidUiautomator2Driver@6c38][0m   "firstMatch": [
[debug] [38;5;32m[AndroidUiautomator2Driver@6c38][0m     {}
[debug] [38;5;32m[AndroidUiautomator2Driver@6c38][0m   ]
[debug] [38;5;32m[AndroidUiautomator2Driver@6c38][0m }
[38;5;32m[AndroidUiautomator2Driver@6c38][0m The following capabilities were provided, but are not recognized by Appium:
[38;5;32m[AndroidUiautomator2Driver@6c38][0m   deviceName
[38;5;32m[AndroidUiautomator2Driver@6c38 (7f9e2523)][0m Session created with session id: 7f9e2523-0ea7-40d8-bfe0-692c1c181f78
[38;5;48m[BaseDriver][0m Using local app 'C:\Users\abdur\Downloads\app-release.apk'
[debug] [38;5;32m[AndroidUiautomator2Driver@6c38 (7f9e2523)][0m Checking whether app is actually present
[38;5;64m[ADB][0m Found 1 'build-tools' folders under 'D:\Android' (newest first):
[38;5;64m[ADB][0m     D:/Android/build-tools/34.0.0
[38;5;64m[ADB][0m Using 'adb.exe' from 'D:\Android\platform-tools\adb.exe'
[debug] [38;5;64m[ADB][0m Running 'D:\Android\platform-tools\adb.exe -P 5037 start-server'
[38;5;80m[AndroidDriver][0m Retrieving device list
[debug] [38;5;64m[ADB][0m Trying to find a connected android device
[debug] [38;5;64m[ADB][0m Getting connected devices
[debug] [38;5;64m[ADB][0m Connected devices: [{"udid":"emulator-5554","state":"device"}]
[38;5;80m[AndroidDriver][0m Looking for a device with Android '12.0.0'
[debug] [38;5;64m[ADB][0m Setting device id to emulator-5554
[38;5;64m[ADB][0m Getting device platform version
[debug] [38;5;64m[ADB][0m Running 'D:\Android\platform-tools\adb.exe -P 5037 -s emulator-5554 shell getprop ro.build.version.release'
[debug] [38;5;64m[ADB][0m Current device property 'ro.build.version.release': 12
[38;5;80m[AndroidDriver][0m Using device: emulator-5554
[38;5;64m[ADB][0m Using 'adb.exe' from 'D:\Android\platform-tools\adb.exe'
[debug] [38;5;64m[ADB][0m Running 'D:\Android\platform-tools\adb.exe -P 5037 start-server'
[debug] [38;5;64m[ADB][0m Setting device id to emulator-5554
[debug] [38;5;64m[ADB][0m Running 'D:\Android\platform-tools\adb.exe -P 5037 -s emulator-5554 shell getprop ro.build.version.sdk'
[debug] [38;5;64m[ADB][0m Current device property 'ro.build.version.sdk': 31
[38;5;64m[ADB][0m Getting device platform version
[debug] [38;5;64m[ADB][0m Running 'D:\Android\platform-tools\adb.exe -P 5037 -s emulator-5554 shell getprop ro.build.version.release'
[debug] [38;5;64m[ADB][0m Current device property 'ro.build.version.release': 12
[debug] [38;5;64m[ADB][0m Device API level: 31
[38;5;32m[AndroidUiautomator2Driver@6c38 (7f9e2523)][0m Relaxing hidden api policy
[debug] [38;5;64m[ADB][0m Running 'D:\Android\platform-tools\adb.exe -P 5037 -s emulator-5554 shell 'settings put global hidden_api_policy_pre_p_apps 1;settings put global hidden_api_policy_p_apps 1;settings put global hidden_api_policy 1''
[debug] [38;5;80m[AndroidDriver][0m Parsing package and activity from app manifest
[38;5;64m[ADB][0m Package name: 'com.dragatron.cafepos.cafe_pos'
[38;5;64m[ADB][0m Main activity name: 'com.dragatron.cafepos.cafe_pos.MainActivity'
[debug] [38;5;80m[AndroidDriver][0m Parsed package and activity are: com.dragatron.cafepos.cafe_pos/com.dragatron.cafepos.cafe_pos.MainActivity
[debug] [38;5;64m[ADB][0m Running 'D:\Android\platform-tools\adb.exe -P 5037 -s emulator-5554 wait-for-device'
[debug] [38;5;64m[ADB][0m Running 'D:\Android\platform-tools\adb.exe -P 5037 -s emulator-5554 shell echo ping'
[debug] [38;5;80m[AndroidDriver][0m Pushing settings apk to device...
[debug] [38;5;64m[ADB][0m Getting package info for 'io.appium.settings'
[debug] [38;5;64m[ADB][0m Running 'D:\Android\platform-tools\adb.exe -P 5037 -s emulator-5554 shell dumpsys package io.appium.settings'
[debug] [38;5;64m[ADB][0m The version name of the installed 'io.appium.settings' is greater or equal to the application version name ('5.0.5' >= '5.0.5')
[debug] [38;5;64m[ADB][0m There is no need to install/upgrade 'C:\Users\abdur\.appium\node_modules\appium-uiautomator2-driver\node_modules\io.appium.settings\apks\settings_apk-debug.apk'
[debug] [38;5;64m[ADB][0m Getting IDs of all 'io.appium.settings' processes
[debug] [38;5;64m[ADB][0m Running 'D:\Android\platform-tools\adb.exe -P 5037 -s emulator-5554 shell 'pgrep --help; echo $?''
[debug] [38;5;64m[ADB][0m Running 'D:\Android\platform-tools\adb.exe -P 5037 -s emulator-5554 shell pgrep -f \(\[\[:blank:\]\]\|\^\)io\.appium\.settings\(\[\[:blank:\]\]\|\$\)'
[debug] [38;5;80m[AndroidDriver][0m io.appium.settings is already running. There is no need to reset its permissions.
[debug] [38;5;96m[Logcat][0m Starting logs capture with command: D:\\Android\\platform-tools\\adb.exe -P 5037 -s emulator-5554 logcat -v threadtime
[debug] [38;5;32m[AndroidUiautomator2Driver@6c38 (7f9e2523)][0m Forwarding UiAutomator2 Server port 6790 to local port 8201
[debug] [38;5;64m[ADB][0m Forwarding system: 8201 to device: 6790
[debug] [38;5;64m[ADB][0m Running 'D:\Android\platform-tools\adb.exe -P 5037 -s emulator-5554 forward tcp:8201 tcp:6790'
[debug] [38;5;64m[ADB][0m Checking app cert for C:\Users\abdur\.appium\node_modules\appium-uiautomator2-driver\node_modules\appium-uiautomator2-server\apks\appium-uiautomator2-server-v5.12.2.apk
[debug] [38;5;64m[ADB][0m Checking app cert for C:\Users\abdur\.appium\node_modules\appium-uiautomator2-driver\node_modules\appium-uiautomator2-server\apks\appium-uiautomator2-server-debug-androidTest.apk
[38;5;64m[ADB][0m Using 'apksigner.jar' from 'D:\Android\build-tools\34.0.0\lib\apksigner.jar'
[debug] [38;5;64m[ADB][0m Starting apksigner: 'C:\\Program Files\\Java\\jdk-20\\bin\\java.exe' -Xmx1024M -Xss1m -jar D:\\Android\\build-tools\\34.0.0\\lib\\apksigner.jar verify --print-certs C:\\Users\\abdur\\.appium\\node_modules\\appium-uiautomator2-driver\\node_modules\\appium-uiautomator2-server\\apks\\appium-uiautomator2-server-debug-androidTest.apk
[debug] [38;5;64m[ADB][0m Starting apksigner: 'C:\\Program Files\\Java\\jdk-20\\bin\\java.exe' -Xmx1024M -Xss1m -jar D:\\Android\\build-tools\\34.0.0\\lib\\apksigner.jar verify --print-certs C:\\Users\\abdur\\.appium\\node_modules\\appium-uiautomator2-driver\\node_modules\\appium-uiautomator2-server\\apks\\appium-uiautomator2-server-v5.12.2.apk
[debug] [38;5;64m[ADB][0m apksigner stdout: Signer #1 certificate DN: EMAILADDRESS=android@android.com, CN=Android, OU=Android, O=Android, L=Mountain View, ST=California, C=US
[debug] [38;5;64m[ADB][0m Signer #1 certificate SHA-256 digest: a40da80a59d170caa950cf15c18c454d47a39b26989d8b640ecd745ba71bf5dc
[debug] [38;5;64m[ADB][0m Signer #1 certificate SHA-1 digest: 61ed377e85d386a8dfee6b864bd85b0bfaa5af81
[debug] [38;5;64m[ADB][0m Signer #1 certificate MD5 digest: e89b158e4bcf988ebd09eb83f5378e87
[debug] [38;5;64m[ADB][0m 
[debug] [38;5;64m[ADB][0m sha256 hash did match for 'appium-uiautomator2-server-debug-androidTest.apk'
[38;5;64m[ADB][0m 'C:\Users\abdur\.appium\node_modules\appium-uiautomator2-driver\node_modules\appium-uiautomator2-server\apks\appium-uiautomator2-server-debug-androidTest.apk' is signed with the default certificate
[debug] [38;5;64m[ADB][0m Getting install status for io.appium.uiautomator2.server.test
[debug] [38;5;64m[ADB][0m Running 'D:\Android\platform-tools\adb.exe -P 5037 -s emulator-5554 shell pm path io.appium.uiautomator2.server.test'
[debug] [38;5;64m[ADB][0m 'io.appium.uiautomator2.server.test' is installed
[debug] [38;5;64m[ADB][0m apksigner stdout: Signer #1 certificate DN: EMAILADDRESS=android@android.com, CN=Android, OU=Android, O=Android, L=Mountain View, ST=California, C=US
[debug] [38;5;64m[ADB][0m Signer #1 certificate SHA-256 digest: a40da80a59d170caa950cf15c18c454d47a39b26989d8b640ecd745ba71bf5dc
[debug] [38;5;64m[ADB][0m Signer #1 certificate SHA-1 digest: 61ed377e85d386a8dfee6b864bd85b0bfaa5af81
[debug] [38;5;64m[ADB][0m Signer #1 certificate MD5 digest: e89b158e4bcf988ebd09eb83f5378e87
[debug] [38;5;64m[ADB][0m 
[debug] [38;5;64m[ADB][0m sha256 hash did match for 'appium-uiautomator2-server-v5.12.2.apk'
[38;5;64m[ADB][0m 'C:\Users\abdur\.appium\node_modules\appium-uiautomator2-driver\node_modules\appium-uiautomator2-server\apks\appium-uiautomator2-server-v5.12.2.apk' is signed with the default certificate
[debug] [38;5;64m[ADB][0m Getting package info for 'io.appium.uiautomator2.server'
[debug] [38;5;64m[ADB][0m Running 'D:\Android\platform-tools\adb.exe -P 5037 -s emulator-5554 shell dumpsys package io.appium.uiautomator2.server'
[debug] [38;5;64m[ADB][0m The installed 'io.appium.uiautomator2.server' package is older than 'C:\Users\abdur\.appium\node_modules\appium-uiautomator2-driver\node_modules\appium-uiautomator2-server\apks\appium-uiautomator2-server-v5.12.2.apk' (95 < 129 or '4.27.0' < '5.12.2')'
[debug] [38;5;32m[AndroidUiautomator2Driver@6c38 (7f9e2523)][0m Server packages status: [{"wasSigned":true,"installState":"olderVersionInstalled","appPath":"C:\\Users\\abdur\\.appium\\node_modules\\appium-uiautomator2-driver\\node_modules\\appium-uiautomator2-server\\apks\\appium-uiautomator2-server-v5.12.2.apk","appId":"io.appium.uiautomator2.server"},{"wasSigned":true,"installState":"sameVersionInstalled","appPath":"C:\\Users\\abdur\\.appium\\node_modules\\appium-uiautomator2-driver\\node_modules\\appium-uiautomator2-server\\apks\\appium-uiautomator2-server-debug-androidTest.apk","appId":"io.appium.uiautomator2.server.test"}]
[38;5;32m[AndroidUiautomator2Driver@6c38 (7f9e2523)][0m Server packages are going to be (re)installed
[debug] [38;5;64m[ADB][0m Running 'D:\Android\platform-tools\adb.exe -P 5037 -s emulator-5554 version'
[debug] [38;5;64m[ADB][0m Running 'D:\Android\platform-tools\adb.exe -P 5037 -s emulator-5554 features'
[debug] [38;5;64m[ADB][0m Running 'D:\Android\platform-tools\adb.exe -P 5037 -s emulator-5554 help'
[debug] [38;5;64m[ADB][0m Running 'D:\Android\platform-tools\adb.exe -P 5037 -s emulator-5554 help'
[38;5;64m[ADB][0m The application at 'C:\Users\abdur\.appium\node_modules\appium-uiautomator2-driver\node_modules\appium-uiautomator2-server\apks\appium-uiautomator2-server-v5.12.2.apk' will not be cached, because the device under test has confirmed the support of streamed installs
[debug] [38;5;64m[ADB][0m Running 'D:\Android\platform-tools\adb.exe -P 5037 -s emulator-5554 install -r --no-incremental C:\Users\abdur\.appium\node_modules\appium-uiautomator2-driver\node_modules\appium-uiautomator2-server\apks\appium-uiautomator2-server-v5.12.2.apk'
[38;5;64m[ADB][0m The application at 'C:\Users\abdur\.appium\node_modules\appium-uiautomator2-driver\node_modules\appium-uiautomator2-server\apks\appium-uiautomator2-server-debug-androidTest.apk' will not be cached, because the device under test has confirmed the support of streamed installs
[debug] [38;5;64m[ADB][0m Running 'D:\Android\platform-tools\adb.exe -P 5037 -s emulator-5554 install -r --no-incremental C:\Users\abdur\.appium\node_modules\appium-uiautomator2-driver\node_modules\appium-uiautomator2-server\apks\appium-uiautomator2-server-debug-androidTest.apk'
[38;5;64m[ADB][0m The installation of 'appium-uiautomator2-server-debug-androidTest.apk' took 294ms
[debug] [38;5;64m[ADB][0m Install command stdout: Performing Streamed Install
[debug] [38;5;64m[ADB][0m Success
[38;5;64m[ADB][0m The installation of 'appium-uiautomator2-server-v5.12.2.apk' took 1025ms
[debug] [38;5;64m[ADB][0m Install command stdout: Performing Streamed Install
[debug] [38;5;64m[ADB][0m Success
[debug] [38;5;32m[AndroidUiautomator2Driver@6c38 (7f9e2523)][0m Waiting up to 30000ms for services to be available
[debug] [38;5;64m[ADB][0m Running 'D:\Android\platform-tools\adb.exe -P 5037 -s emulator-5554 shell pm list instrumentation'
[debug] [38;5;32m[AndroidUiautomator2Driver@6c38 (7f9e2523)][0m Instrumentation target 'io.appium.uiautomator2.server.test/androidx.test.runner.AndroidJUnitRunner' is available
[38;5;64m[ADB][0m Adding packages ["io.appium.settings","io.appium.uiautomator2.server","io.appium.uiautomator2.server.test"] to Doze whitelist
[debug] [38;5;64m[ADB][0m Got the following command chunks to execute: [["dumpsys","deviceidle","whitelist","+io.appium.settings",";","dumpsys","deviceidle","whitelist","+io.appium.uiautomator2.server",";","dumpsys","deviceidle","whitelist","+io.appium.uiautomator2.server.test",";"]]
[debug] [38;5;64m[ADB][0m Running 'D:\Android\platform-tools\adb.exe -P 5037 -s emulator-5554 shell dumpsys deviceidle whitelist +io.appium.settings ; dumpsys deviceidle whitelist +io.appium.uiautomator2.server ; dumpsys deviceidle whitelist +io.appium.uiautomator2.server.test ;'
[debug] [38;5;64m[ADB][0m Getting install status for com.dragatron.cafepos.cafe_pos
[debug] [38;5;64m[ADB][0m Running 'D:\Android\platform-tools\adb.exe -P 5037 -s emulator-5554 shell pm path com.dragatron.cafepos.cafe_pos'
[debug] [38;5;64m[ADB][0m 'com.dragatron.cafepos.cafe_pos' is installed
[debug] [38;5;32m[AndroidUiautomator2Driver@6c38 (7f9e2523)][0m noReset has been requested and the app is already installed. Doing nothing
[debug] [38;5;32m[AndroidUiautomator2Driver@6c38 (7f9e2523)][0m Performing shallow cleanup of automation leftovers
[debug] [38;5;32m[AndroidUiautomator2Driver@6c38 (7f9e2523)][0m No obsolete sessions have been detected (socket hang up)
[debug] [38;5;64m[ADB][0m Running 'D:\Android\platform-tools\adb.exe -P 5037 -s emulator-5554 shell am force-stop io.appium.uiautomator2.server.test'
[38;5;32m[AndroidUiautomator2Driver@6c38 (7f9e2523)][0m Starting UIAutomator2 server 5.12.2
[38;5;32m[AndroidUiautomator2Driver@6c38 (7f9e2523)][0m Using UIAutomator2 server from 'C:\Users\abdur\.appium\node_modules\appium-uiautomator2-driver\node_modules\appium-uiautomator2-server\apks\appium-uiautomator2-server-v5.12.2.apk' and test from 'C:\Users\abdur\.appium\node_modules\appium-uiautomator2-driver\node_modules\appium-uiautomator2-server\apks\appium-uiautomator2-server-debug-androidTest.apk'
[38;5;32m[AndroidUiautomator2Driver@6c38 (7f9e2523)][0m Waiting up to 30000ms for UiAutomator2 to be online...
[debug] [38;5;64m[ADB][0m Creating ADB subprocess with args: ["-P","5037","-s","emulator-5554","shell","am","instrument","-w","-e","disableAnalytics",true,"io.appium.uiautomator2.server.test/androidx.test.runner.AndroidJUnitRunner"]
[debug] [38;5;32m[AndroidUiautomator2Driver@6c38 (7f9e2523)][0m Matched '/status' to command name 'getStatus'
[debug] [38;5;32m[AndroidUiautomator2Driver@6c38 (7f9e2523)][0m Proxying [GET /status] to [GET http://127.0.0.1:8201/status] with no body
[38;5;32m[AndroidUiautomator2Driver@6c38 (7f9e2523)][0m socket hang up
[debug] [38;5;32m[AndroidUiautomator2Driver@6c38 (7f9e2523)][0m Matched '/status' to command name 'getStatus'
[debug] [38;5;32m[AndroidUiautomator2Driver@6c38 (7f9e2523)][0m Proxying [GET /status] to [GET http://127.0.0.1:8201/status] with no body
[38;5;32m[AndroidUiautomator2Driver@6c38 (7f9e2523)][0m socket hang up
[debug] [38;5;112m[Instrumentation][0m io.appium.uiautomator2.server.test.AppiumUiAutomator2Server:
[debug] [38;5;32m[AndroidUiautomator2Driver@6c38 (7f9e2523)][0m Matched '/status' to command name 'getStatus'
[debug] [38;5;32m[AndroidUiautomator2Driver@6c38 (7f9e2523)][0m Proxying [GET /status] to [GET http://127.0.0.1:8201/status] with no body
[38;5;32m[AndroidUiautomator2Driver@6c38 (7f9e2523)][0m socket hang up
[debug] [38;5;32m[AndroidUiautomator2Driver@6c38 (7f9e2523)][0m Matched '/status' to command name 'getStatus'
[debug] [38;5;32m[AndroidUiautomator2Driver@6c38 (7f9e2523)][0m Proxying [GET /status] to [GET http://127.0.0.1:8201/status] with no body
[38;5;32m[AndroidUiautomator2Driver@6c38 (7f9e2523)][0m socket hang up
[debug] [38;5;32m[AndroidUiautomator2Driver@6c38 (7f9e2523)][0m Matched '/status' to command name 'getStatus'
[debug] [38;5;32m[AndroidUiautomator2Driver@6c38 (7f9e2523)][0m Proxying [GET /status] to [GET http://127.0.0.1:8201/status] with no body
[debug] [38;5;32m[AndroidUiautomator2Driver@6c38 (7f9e2523)][0m Got response with status 200: {"sessionId":"None","value":{"message":"UiAutomator2 Server is ready to accept commands","ready":true}}
[debug] [38;5;32m[AndroidUiautomator2Driver@6c38 (7f9e2523)][0m The initialization of the instrumentation process took 4249ms
[debug] [38;5;32m[AndroidUiautomator2Driver@6c38 (7f9e2523)][0m Matched '/session' to command name 'createSession'
[debug] [38;5;32m[AndroidUiautomator2Driver@6c38 (7f9e2523)][0m Proxying [POST /session] to [POST http://127.0.0.1:8201/session] with body: {"capabilities":{"firstMatch":[{"platform":"LINUX","webStorageEnabled":false,"takesScreenshot":true,"javascriptEnabled":true,"databaseEnabled":false,"networkConnectionEnabled":true,"locationContextEnabled":false,"warnings":{},"desired":{"platformName":"Android","deviceName":"Nexus 9 API 31","platformVersion":"12","app":"C:\\Users\\abdur\\Downloads\\app-release.apk","automationName":"UiAutomator2","noReset":true,"autoLaunch":false},"platformName":"Android","deviceName":"emulator-5554","platformVersion":"12","app":"C:\\Users\\abdur\\Downloads\\app-release.apk","automationName":"UiAutomator2","noReset":true,"autoLaunch":false,"deviceUDID":"emulator-5554","appPackage":"com.dragatron.cafepos.cafe_pos"}],"alwaysMatch":{}}}
[debug] [38;5;32m[AndroidUiautomator2Driver@6c38 (7f9e2523)][0m Got response with status 200: {"sessionId":"f8fa0c93-678c-402e-9893-c42da7376df4","value":{"capabilities":{"firstMatch":[{"platform":"LINUX","webStorageEnabled":false,"takesScreenshot":true,"javascriptEnabled":true,"databaseEnabled":false,"networkConnectionEnabled":true,"locationContextEnabled":false,"warnings":{},"desired":{"platformName":"Android","deviceName":"Nexus 9 API 31","platformVersion":"12","app":"C:\\Users\\abdur\\Downloads\\app-release.apk","automationName":"UiAutomator2","noReset":true,"autoLaunch":false},"platformName":"Android","deviceName":"emulator-5554","platformVersion":"12","app":"C:\\Users\\abdur\\Downloads\\app-release.apk","automationName":"UiAutomator2","noReset":true,"autoLaunch":false,"deviceUDID":"emulator-5554","appPackage":"com.dragatron.cafepos.cafe_pos"}],"alwaysMatch":{}},"sessionId":"f8fa0c93-678c-402e-9893-c42da7376df4"}}
[38;5;32m[AndroidUiautomator2Driver@6c38 (7f9e2523)][0m Determined the downstream protocol as 'W3C'
[debug] [38;5;32m[AndroidUiautomator2Driver@6c38 (7f9e2523)][0m Proxying [GET /appium/device/info] to [GET http://127.0.0.1:8201/session/f8fa0c93-678c-402e-9893-c42da7376df4/appium/device/info] with no body
[debug] [38;5;32m[AndroidUiautomator2Driver@6c38 (7f9e2523)][0m Got response with status 200: {"sessionId":"f8fa0c93-678c-402e-9893-c42da7376df4","value":{"androidId":"6403cb6948123c59","apiVersion":"31","bluetooth":{"state":"ON"},"brand":"google","carrierName":"T-Mobile","displayDensity":320,"locale":"en_US","manufacturer":"Google","model":"sdk_gphone64_x86_64","networks":[{"capabilities":{"SSID":null,"linkDownBandwidthKbps":4300,"linkUpstreamBandwidthKbps":1800,"networkCapabilities":"NET_CAPABILITY_MMS,NET_CAPABILITY_SUPL,NET_CAPABILITY_DUN,NET_CAPABILITY_FOTA,NET_CAPABILITY_IMS,NET_CAPABILITY_CBS,NET_CAPABILITY_INTERNET,NET_CAPABILITY_NOT_RESTRICTED,NET_CAPABILITY_TRUSTED,NET_CAPABILITY_NOT_VPN,NET_CAPABILITY_VALIDATED,NET_CAPABILITY_NOT_ROAMING,NET_CAPABILITY_NOT_CONGESTED,NET_CAPABILITY_NOT_SUSPENDED","signalStrength":-2147483648,"transportTypes":"TRANSPORT_CELLULAR"},"detailedState":"CONNECTED","extraInfo":"epc.tmobile.com","isAvailable":true,"isConnected":true,"isFailover":false,"isRoaming":false,"state":"CONNECTED","subtype":10,"subtypeName":"HSPA","type":0,"typeName":"MOBILE"},{"capabiliti...
[debug] [38;5;64m[ADB][0m Running 'D:\Android\platform-tools\adb.exe -P 5037 -s emulator-5554 shell dumpsys window'
[38;5;80m[AndroidDriver][0m Screen already unlocked, doing nothing
[debug] [38;5;32m[AndroidUiautomator2Driver@6c38 (7f9e2523)][0m Proxying [GET /appium/device/pixel_ratio] to [GET http://127.0.0.1:8201/session/f8fa0c93-678c-402e-9893-c42da7376df4/appium/device/pixel_ratio] with no body
[debug] [38;5;32m[AndroidUiautomator2Driver@6c38 (7f9e2523)][0m Got response with status 200: {"sessionId":"f8fa0c93-678c-402e-9893-c42da7376df4","value":2}
[debug] [38;5;32m[AndroidUiautomator2Driver@6c38 (7f9e2523)][0m Matched '/appium/device/system_bars' to command name 'getSystemBars'
[debug] [38;5;32m[AndroidUiautomator2Driver@6c38 (7f9e2523)][0m Proxying [GET /appium/device/system_bars] to [GET http://127.0.0.1:8201/session/f8fa0c93-678c-402e-9893-c42da7376df4/appium/device/system_bars] with no body
[debug] [38;5;32m[AndroidUiautomator2Driver@6c38 (7f9e2523)][0m Got response with status 200: {"sessionId":"f8fa0c93-678c-402e-9893-c42da7376df4","value":{"statusBar":48}}
[debug] [38;5;32m[AndroidUiautomator2Driver@6c38 (7f9e2523)][0m Matched '/window/current/size' to command name 'getWindowSize'
[debug] [38;5;32m[AndroidUiautomator2Driver@6c38 (7f9e2523)][0m Proxying [GET /window/current/size] to [GET http://127.0.0.1:8201/session/f8fa0c93-678c-402e-9893-c42da7376df4/window/current/size] with no body
[debug] [38;5;32m[AndroidUiautomator2Driver@6c38 (7f9e2523)][0m Got response with status 200: {"sessionId":"f8fa0c93-678c-402e-9893-c42da7376df4","value":{"height":1440,"width":2048}}
[38;5;16m[AppiumDriver@cfdb][0m New AndroidUiautomator2Driver session created successfully, session 7f9e2523-0ea7-40d8-bfe0-692c1c181f78 added to master session list
[debug] [38;5;16m[AppiumDriver@cfdb][0m Event 'newSessionStarted' logged at 1689232474679 (14:14:34 GMT+0700 (Indochina Time))
[debug] [38;5;32m[AndroidUiautomator2Driver@6c38 (7f9e2523)][0m Cached the protocol value 'W3C' for the new session 7f9e2523-0ea7-40d8-bfe0-692c1c181f78
[debug] [38;5;32m[AndroidUiautomator2Driver@6c38 (7f9e2523)][0m Responding to client with driver.createSession() result: {"capabilities":{"platform":"LINUX","webStorageEnabled":false,"takesScreenshot":true,"javascriptEnabled":true,"databaseEnabled":false,"networkConnectionEnabled":true,"locationContextEnabled":false,"warnings":{},"desired":{"platformName":"Android","deviceName":"Nexus 9 API 31","platformVersion":"12","app":"C:\\Users\\abdur\\Downloads\\app-release.apk","automationName":"UiAutomator2","noReset":true,"autoLaunch":false},"platformName":"Android","deviceName":"emulator-5554","platformVersion":"12","app":"C:\\Users\\abdur\\Downloads\\app-release.apk","automationName":"UiAutomator2","noReset":true,"autoLaunch":false,"deviceUDID":"emulator-5554","appPackage":"com.dragatron.cafepos.cafe_pos","deviceApiLevel":31,"deviceScreenSize":"2048x1536","deviceScreenDensity":320,"deviceModel":"sdk_gphone64_x86_64","deviceManufacturer":"Google","pixelRatio":2,"statBarHeight":48,"viewportRect":{"left":0,"top":48,"width":2048,"height":1392}}}
[38;5;0m[HTTP][0m [37m<-- POST /session [39m[32m200[39m [90m11382 ms - 992[39m
[38;5;0m[HTTP][0m [90m[39m
[38;5;0m[HTTP][0m [37m-->[39m [37mPOST[39m [37m/session/7f9e2523-0ea7-40d8-bfe0-692c1c181f78/element[39m
[38;5;0m[HTTP][0m [90m{"using":"accessibility id","value":"Email"}[39m
[debug] [38;5;32m[AndroidUiautomator2Driver@6c38 (7f9e2523)][0m Calling AppiumDriver.findElement() with args: ["accessibility id","Email","7f9e2523-0ea7-40d8-bfe0-692c1c181f78"]
[debug] [38;5;32m[AndroidUiautomator2Driver@6c38 (7f9e2523)][0m Valid locator strategies for this request: xpath, id, class name, accessibility id, css selector, -android uiautomator
[debug] [38;5;32m[AndroidUiautomator2Driver@6c38 (7f9e2523)][0m Waiting up to 0 ms for condition
[debug] [38;5;32m[AndroidUiautomator2Driver@6c38 (7f9e2523)][0m Matched '/element' to command name 'findElement'
[debug] [38;5;32m[AndroidUiautomator2Driver@6c38 (7f9e2523)][0m Proxying [POST /element] to [POST http://127.0.0.1:8201/session/f8fa0c93-678c-402e-9893-c42da7376df4/element] with body: {"strategy":"accessibility id","selector":"Email","context":"","multiple":false}
[debug] [38;5;32m[AndroidUiautomator2Driver@6c38 (7f9e2523)][0m Got response with status 200: {"sessionId":"f8fa0c93-678c-402e-9893-c42da7376df4","value":{"ELEMENT":"00000000-0000-00d9-0000-003000000004","element-6066-11e4-a52e-4f735466cecf":"00000000-0000-00d9-0000-003000000004"}}
[debug] [38;5;32m[AndroidUiautomator2Driver@6c38 (7f9e2523)][0m Responding to client with driver.findElement() result: {"element-6066-11e4-a52e-4f735466cecf":"00000000-0000-00d9-0000-003000000004","ELEMENT":"00000000-0000-00d9-0000-003000000004"}
[38;5;0m[HTTP][0m [37m<-- POST /session/7f9e2523-0ea7-40d8-bfe0-692c1c181f78/element [39m[32m200[39m [90m94 ms - 137[39m
[38;5;0m[HTTP][0m [90m[39m
[38;5;0m[HTTP][0m [37m-->[39m [37mPOST[39m [37m/session/7f9e2523-0ea7-40d8-bfe0-692c1c181f78/element/00000000-0000-00d9-0000-003000000004/click[39m
[38;5;0m[HTTP][0m [90m{}[39m
[debug] [38;5;32m[AndroidUiautomator2Driver@6c38 (7f9e2523)][0m Calling AppiumDriver.click() with args: ["00000000-0000-00d9-0000-003000000004","7f9e2523-0ea7-40d8-bfe0-692c1c181f78"]
[debug] [38;5;32m[AndroidUiautomator2Driver@6c38 (7f9e2523)][0m Matched '/element/00000000-0000-00d9-0000-003000000004/click' to command name 'click'
[debug] [38;5;32m[AndroidUiautomator2Driver@6c38 (7f9e2523)][0m Proxying [POST /element/00000000-0000-00d9-0000-003000000004/click] to [POST http://127.0.0.1:8201/session/f8fa0c93-678c-402e-9893-c42da7376df4/element/00000000-0000-00d9-0000-003000000004/click] with body: {"element":"00000000-0000-00d9-0000-003000000004"}
[debug] [38;5;32m[AndroidUiautomator2Driver@6c38 (7f9e2523)][0m Got response with status 200: {"sessionId":"f8fa0c93-678c-402e-9893-c42da7376df4","value":null}
[debug] [38;5;32m[AndroidUiautomator2Driver@6c38 (7f9e2523)][0m Responding to client with driver.click() result: null
[38;5;0m[HTTP][0m [37m<-- POST /session/7f9e2523-0ea7-40d8-bfe0-692c1c181f78/element/00000000-0000-00d9-0000-003000000004/click [39m[32m200[39m [90m583 ms - 14[39m
[38;5;0m[HTTP][0m [90m[39m
[38;5;0m[HTTP][0m [37m-->[39m [37mPOST[39m [37m/session/7f9e2523-0ea7-40d8-bfe0-692c1c181f78/element[39m
[38;5;0m[HTTP][0m [90m{"using":"xpath","value":"/hierarchy/android.widget.FrameLayout/android.widget.LinearLayout/android.widget.FrameLayout/android.widget.FrameLayout/android.widget.FrameLayout/android.view.View/android.view.View/android.view.View/android.view.View/android.widget.EditText[1]"}[39m
[debug] [38;5;32m[AndroidUiautomator2Driver@6c38 (7f9e2523)][0m Calling AppiumDriver.findElement() with args: ["xpath","/hierarchy/android.widget.FrameLayout/android.widget.LinearLayout/android.widget.FrameLayout/android.widget.FrameLayout/android.widget.FrameLayout/android.view.View/android.view.View/android.view.View/android.view.View/android.widget.EditText[1]","7f9e2523-0ea7-40d8-bfe0-692c1c181f78"]
[debug] [38;5;32m[AndroidUiautomator2Driver@6c38 (7f9e2523)][0m Valid locator strategies for this request: xpath, id, class name, accessibility id, css selector, -android uiautomator
[debug] [38;5;32m[AndroidUiautomator2Driver@6c38 (7f9e2523)][0m Waiting up to 0 ms for condition
[debug] [38;5;32m[AndroidUiautomator2Driver@6c38 (7f9e2523)][0m Matched '/element' to command name 'findElement'
[debug] [38;5;32m[AndroidUiautomator2Driver@6c38 (7f9e2523)][0m Proxying [POST /element] to [POST http://127.0.0.1:8201/session/f8fa0c93-678c-402e-9893-c42da7376df4/element] with body: {"strategy":"xpath","selector":"/hierarchy/android.widget.FrameLayout/android.widget.LinearLayout/android.widget.FrameLayout/android.widget.FrameLayout/android.widget.FrameLayout/android.view.View/android.view.View/android.view.View/android.view.View/android.widget.EditText[1]","context":"","multiple":false}
[debug] [38;5;32m[AndroidUiautomator2Driver@6c38 (7f9e2523)][0m Got response with status 200: {"sessionId":"f8fa0c93-678c-402e-9893-c42da7376df4","value":{"ELEMENT":"00000000-0000-00d9-0000-003b00000004","element-6066-11e4-a52e-4f735466cecf":"00000000-0000-00d9-0000-003b00000004"}}
[debug] [38;5;32m[AndroidUiautomator2Driver@6c38 (7f9e2523)][0m Responding to client with driver.findElement() result: {"element-6066-11e4-a52e-4f735466cecf":"00000000-0000-00d9-0000-003b00000004","ELEMENT":"00000000-0000-00d9-0000-003b00000004"}
[38;5;0m[HTTP][0m [37m<-- POST /session/7f9e2523-0ea7-40d8-bfe0-692c1c181f78/element [39m[32m200[39m [90m761 ms - 137[39m
[38;5;0m[HTTP][0m [90m[39m
[38;5;0m[HTTP][0m [37m-->[39m [37mPOST[39m [37m/session/7f9e2523-0ea7-40d8-bfe0-692c1c181f78/element/00000000-0000-00d9-0000-003b00000004/click[39m
[38;5;0m[HTTP][0m [90m{}[39m
[debug] [38;5;32m[AndroidUiautomator2Driver@6c38 (7f9e2523)][0m Calling AppiumDriver.click() with args: ["00000000-0000-00d9-0000-003b00000004","7f9e2523-0ea7-40d8-bfe0-692c1c181f78"]
[debug] [38;5;32m[AndroidUiautomator2Driver@6c38 (7f9e2523)][0m Matched '/element/00000000-0000-00d9-0000-003b00000004/click' to command name 'click'
[debug] [38;5;32m[AndroidUiautomator2Driver@6c38 (7f9e2523)][0m Proxying [POST /element/00000000-0000-00d9-0000-003b00000004/click] to [POST http://127.0.0.1:8201/session/f8fa0c93-678c-402e-9893-c42da7376df4/element/00000000-0000-00d9-0000-003b00000004/click] with body: {"element":"00000000-0000-00d9-0000-003b00000004"}
[debug] [38;5;32m[AndroidUiautomator2Driver@6c38 (7f9e2523)][0m Got response with status 200: {"sessionId":"f8fa0c93-678c-402e-9893-c42da7376df4","value":null}
[debug] [38;5;32m[AndroidUiautomator2Driver@6c38 (7f9e2523)][0m Responding to client with driver.click() result: null
[38;5;0m[HTTP][0m [37m<-- POST /session/7f9e2523-0ea7-40d8-bfe0-692c1c181f78/element/00000000-0000-00d9-0000-003b00000004/click [39m[32m200[39m [90m84 ms - 14[39m
[38;5;0m[HTTP][0m [90m[39m
[38;5;0m[HTTP][0m [37m-->[39m [37mPOST[39m [37m/session/7f9e2523-0ea7-40d8-bfe0-692c1c181f78/element/00000000-0000-00d9-0000-003b00000004/clear[39m
[38;5;0m[HTTP][0m [90m{}[39m
[debug] [38;5;32m[AndroidUiautomator2Driver@6c38 (7f9e2523)][0m Calling AppiumDriver.clear() with args: ["00000000-0000-00d9-0000-003b00000004","7f9e2523-0ea7-40d8-bfe0-692c1c181f78"]
[debug] [38;5;32m[AndroidUiautomator2Driver@6c38 (7f9e2523)][0m Matched '/element/00000000-0000-00d9-0000-003b00000004/clear' to command name 'clear'
[debug] [38;5;32m[AndroidUiautomator2Driver@6c38 (7f9e2523)][0m Proxying [POST /element/00000000-0000-00d9-0000-003b00000004/clear] to [POST http://127.0.0.1:8201/session/f8fa0c93-678c-402e-9893-c42da7376df4/element/00000000-0000-00d9-0000-003b00000004/clear] with body: {"elementId":"00000000-0000-00d9-0000-003b00000004"}
[debug] [38;5;32m[AndroidUiautomator2Driver@6c38 (7f9e2523)][0m Got response with status 200: {"sessionId":"f8fa0c93-678c-402e-9893-c42da7376df4","value":null}
[debug] [38;5;32m[AndroidUiautomator2Driver@6c38 (7f9e2523)][0m Responding to client with driver.clear() result: null
[38;5;0m[HTTP][0m [37m<-- POST /session/7f9e2523-0ea7-40d8-bfe0-692c1c181f78/element/00000000-0000-00d9-0000-003b00000004/clear [39m[32m200[39m [90m1299 ms - 14[39m
[38;5;0m[HTTP][0m [90m[39m
[38;5;0m[HTTP][0m [37m-->[39m [37mPOST[39m [37m/session/7f9e2523-0ea7-40d8-bfe0-692c1c181f78/element/00000000-0000-00d9-0000-003b00000004/value[39m
[38;5;0m[HTTP][0m [90m{"text":"akundevelrezza@gmail.com"}[39m
[debug] [38;5;32m[AndroidUiautomator2Driver@6c38 (7f9e2523)][0m Calling AppiumDriver.setValue() with args: ["akundevelrezza@gmail.com","00000000-0000-00d9-0000-003b00000004","7f9e2523-0ea7-40d8-bfe0-692c1c181f78"]
[debug] [38;5;32m[AndroidUiautomator2Driver@6c38 (7f9e2523)][0m Matched '/element/00000000-0000-00d9-0000-003b00000004/value' to command name 'setValue'
[debug] [38;5;32m[AndroidUiautomator2Driver@6c38 (7f9e2523)][0m Added 'value' property ["a","k","u","n","d","e","v","e","l","r","e","z","z","a","@","g","m","a","i","l",".","c","o","m"] to 'setValue' request body
[debug] [38;5;32m[AndroidUiautomator2Driver@6c38 (7f9e2523)][0m Proxying [POST /element/00000000-0000-00d9-0000-003b00000004/value] to [POST http://127.0.0.1:8201/session/f8fa0c93-678c-402e-9893-c42da7376df4/element/00000000-0000-00d9-0000-003b00000004/value] with body: {"elementId":"00000000-0000-00d9-0000-003b00000004","text":"akundevelrezza@gmail.com","replace":false,"value":["a","k","u","n","d","e","v","e","l","r","e","z","z","a","@","g","m","a","i","l",".","c","o","m"]}
[debug] [38;5;32m[AndroidUiautomator2Driver@6c38 (7f9e2523)][0m Got response with status 200: {"sessionId":"f8fa0c93-678c-402e-9893-c42da7376df4","value":null}
[debug] [38;5;32m[AndroidUiautomator2Driver@6c38 (7f9e2523)][0m Responding to client with driver.setValue() result: null
[38;5;0m[HTTP][0m [37m<-- POST /session/7f9e2523-0ea7-40d8-bfe0-692c1c181f78/element/00000000-0000-00d9-0000-003b00000004/value [39m[32m200[39m [90m27 ms - 14[39m
[38;5;0m[HTTP][0m [90m[39m
[38;5;0m[HTTP][0m [37m-->[39m [37mPOST[39m [37m/session/7f9e2523-0ea7-40d8-bfe0-692c1c181f78/appium/device/long_press_keycode[39m
[38;5;0m[HTTP][0m [90m{"keycode":4}[39m
[debug] [38;5;32m[AndroidUiautomator2Driver@6c38 (7f9e2523)][0m Calling AppiumDriver.longPressKeyCode() with args: [4,null,null,null,null,"7f9e2523-0ea7-40d8-bfe0-692c1c181f78"]
[debug] [38;5;32m[AndroidUiautomator2Driver@6c38 (7f9e2523)][0m Matched '/appium/device/long_press_keycode' to command name 'longPressKeyCode'
[debug] [38;5;32m[AndroidUiautomator2Driver@6c38 (7f9e2523)][0m Proxying [POST /appium/device/long_press_keycode] to [POST http://127.0.0.1:8201/session/f8fa0c93-678c-402e-9893-c42da7376df4/appium/device/long_press_keycode] with body: {"keycode":4,"metastate":null,"flags":null}
[debug] [38;5;32m[AndroidUiautomator2Driver@6c38 (7f9e2523)][0m Got response with status 200: {"sessionId":"f8fa0c93-678c-402e-9893-c42da7376df4","value":null}
[debug] [38;5;32m[AndroidUiautomator2Driver@6c38 (7f9e2523)][0m Responding to client with driver.longPressKeyCode() result: null
[38;5;0m[HTTP][0m [37m<-- POST /session/7f9e2523-0ea7-40d8-bfe0-692c1c181f78/appium/device/long_press_keycode [39m[32m200[39m [90m2376 ms - 14[39m
[38;5;0m[HTTP][0m [90m[39m
[38;5;0m[HTTP][0m [37m-->[39m [37mPOST[39m [37m/session/7f9e2523-0ea7-40d8-bfe0-692c1c181f78/element[39m
[38;5;0m[HTTP][0m [90m{"using":"xpath","value":"/hierarchy/android.widget.FrameLayout/android.widget.LinearLayout/android.widget.FrameLayout/android.widget.FrameLayout/android.widget.FrameLayout/android.view.View/android.view.View/android.view.View/android.view.View/android.widget.EditText[2]"}[39m
[debug] [38;5;32m[AndroidUiautomator2Driver@6c38 (7f9e2523)][0m Calling AppiumDriver.findElement() with args: ["xpath","/hierarchy/android.widget.FrameLayout/android.widget.LinearLayout/android.widget.FrameLayout/android.widget.FrameLayout/android.widget.FrameLayout/android.view.View/android.view.View/android.view.View/android.view.View/android.widget.EditText[2]","7f9e2523-0ea7-40d8-bfe0-692c1c181f78"]
[debug] [38;5;32m[AndroidUiautomator2Driver@6c38 (7f9e2523)][0m Valid locator strategies for this request: xpath, id, class name, accessibility id, css selector, -android uiautomator
[debug] [38;5;32m[AndroidUiautomator2Driver@6c38 (7f9e2523)][0m Waiting up to 0 ms for condition
[debug] [38;5;32m[AndroidUiautomator2Driver@6c38 (7f9e2523)][0m Matched '/element' to command name 'findElement'
[debug] [38;5;32m[AndroidUiautomator2Driver@6c38 (7f9e2523)][0m Proxying [POST /element] to [POST http://127.0.0.1:8201/session/f8fa0c93-678c-402e-9893-c42da7376df4/element] with body: {"strategy":"xpath","selector":"/hierarchy/android.widget.FrameLayout/android.widget.LinearLayout/android.widget.FrameLayout/android.widget.FrameLayout/android.widget.FrameLayout/android.view.View/android.view.View/android.view.View/android.view.View/android.widget.EditText[2]","context":"","multiple":false}
[debug] [38;5;32m[AndroidUiautomator2Driver@6c38 (7f9e2523)][0m Got response with status 200: {"sessionId":"f8fa0c93-678c-402e-9893-c42da7376df4","value":{"ELEMENT":"00000000-0000-00d9-0000-003d00000004","element-6066-11e4-a52e-4f735466cecf":"00000000-0000-00d9-0000-003d00000004"}}
[debug] [38;5;32m[AndroidUiautomator2Driver@6c38 (7f9e2523)][0m Responding to client with driver.findElement() result: {"element-6066-11e4-a52e-4f735466cecf":"00000000-0000-00d9-0000-003d00000004","ELEMENT":"00000000-0000-00d9-0000-003d00000004"}
[38;5;0m[HTTP][0m [37m<-- POST /session/7f9e2523-0ea7-40d8-bfe0-692c1c181f78/element [39m[32m200[39m [90m93 ms - 137[39m
[38;5;0m[HTTP][0m [90m[39m
[38;5;0m[HTTP][0m [37m-->[39m [37mPOST[39m [37m/session/7f9e2523-0ea7-40d8-bfe0-692c1c181f78/element/00000000-0000-00d9-0000-003d00000004/click[39m
[38;5;0m[HTTP][0m [90m{}[39m
[debug] [38;5;32m[AndroidUiautomator2Driver@6c38 (7f9e2523)][0m Calling AppiumDriver.click() with args: ["00000000-0000-00d9-0000-003d00000004","7f9e2523-0ea7-40d8-bfe0-692c1c181f78"]
[debug] [38;5;32m[AndroidUiautomator2Driver@6c38 (7f9e2523)][0m Matched '/element/00000000-0000-00d9-0000-003d00000004/click' to command name 'click'
[debug] [38;5;32m[AndroidUiautomator2Driver@6c38 (7f9e2523)][0m Proxying [POST /element/00000000-0000-00d9-0000-003d00000004/click] to [POST http://127.0.0.1:8201/session/f8fa0c93-678c-402e-9893-c42da7376df4/element/00000000-0000-00d9-0000-003d00000004/click] with body: {"element":"00000000-0000-00d9-0000-003d00000004"}
[debug] [38;5;32m[AndroidUiautomator2Driver@6c38 (7f9e2523)][0m Got response with status 200: {"sessionId":"f8fa0c93-678c-402e-9893-c42da7376df4","value":null}
[debug] [38;5;32m[AndroidUiautomator2Driver@6c38 (7f9e2523)][0m Responding to client with driver.click() result: null
[38;5;0m[HTTP][0m [37m<-- POST /session/7f9e2523-0ea7-40d8-bfe0-692c1c181f78/element/00000000-0000-00d9-0000-003d00000004/click [39m[32m200[39m [90m106 ms - 14[39m
[38;5;0m[HTTP][0m [90m[39m
[38;5;0m[HTTP][0m [37m-->[39m [37mPOST[39m [37m/session/7f9e2523-0ea7-40d8-bfe0-692c1c181f78/element/00000000-0000-00d9-0000-003d00000004/clear[39m
[38;5;0m[HTTP][0m [90m{}[39m
[debug] [38;5;32m[AndroidUiautomator2Driver@6c38 (7f9e2523)][0m Calling AppiumDriver.clear() with args: ["00000000-0000-00d9-0000-003d00000004","7f9e2523-0ea7-40d8-bfe0-692c1c181f78"]
[debug] [38;5;32m[AndroidUiautomator2Driver@6c38 (7f9e2523)][0m Matched '/element/00000000-0000-00d9-0000-003d00000004/clear' to command name 'clear'
[debug] [38;5;32m[AndroidUiautomator2Driver@6c38 (7f9e2523)][0m Proxying [POST /element/00000000-0000-00d9-0000-003d00000004/clear] to [POST http://127.0.0.1:8201/session/f8fa0c93-678c-402e-9893-c42da7376df4/element/00000000-0000-00d9-0000-003d00000004/clear] with body: {"elementId":"00000000-0000-00d9-0000-003d00000004"}
[debug] [38;5;32m[AndroidUiautomator2Driver@6c38 (7f9e2523)][0m Got response with status 200: {"sessionId":"f8fa0c93-678c-402e-9893-c42da7376df4","value":null}
[debug] [38;5;32m[AndroidUiautomator2Driver@6c38 (7f9e2523)][0m Responding to client with driver.clear() result: null
[38;5;0m[HTTP][0m [37m<-- POST /session/7f9e2523-0ea7-40d8-bfe0-692c1c181f78/element/00000000-0000-00d9-0000-003d00000004/clear [39m[32m200[39m [90m1220 ms - 14[39m
[38;5;0m[HTTP][0m [90m[39m
[38;5;0m[HTTP][0m [37m-->[39m [37mPOST[39m [37m/session/7f9e2523-0ea7-40d8-bfe0-692c1c181f78/element/00000000-0000-00d9-0000-003d00000004/value[39m
[38;5;0m[HTTP][0m [90m{"text":"Bolabola2@"}[39m
[debug] [38;5;32m[AndroidUiautomator2Driver@6c38 (7f9e2523)][0m Calling AppiumDriver.setValue() with args: ["Bolabola2@","00000000-0000-00d9-0000-003d00000004","7f9e2523-0ea7-40d8-bfe0-692c1c181f78"]
[debug] [38;5;32m[AndroidUiautomator2Driver@6c38 (7f9e2523)][0m Matched '/element/00000000-0000-00d9-0000-003d00000004/value' to command name 'setValue'
[debug] [38;5;32m[AndroidUiautomator2Driver@6c38 (7f9e2523)][0m Added 'value' property ["B","o","l","a","b","o","l","a","2","@"] to 'setValue' request body
[debug] [38;5;32m[AndroidUiautomator2Driver@6c38 (7f9e2523)][0m Proxying [POST /element/00000000-0000-00d9-0000-003d00000004/value] to [POST http://127.0.0.1:8201/session/f8fa0c93-678c-402e-9893-c42da7376df4/element/00000000-0000-00d9-0000-003d00000004/value] with body: {"elementId":"00000000-0000-00d9-0000-003d00000004","text":"Bolabola2@","replace":false,"value":["B","o","l","a","b","o","l","a","2","@"]}
[debug] [38;5;32m[AndroidUiautomator2Driver@6c38 (7f9e2523)][0m Got response with status 200: {"sessionId":"f8fa0c93-678c-402e-9893-c42da7376df4","value":null}
[debug] [38;5;32m[AndroidUiautomator2Driver@6c38 (7f9e2523)][0m Responding to client with driver.setValue() result: null
[38;5;0m[HTTP][0m [37m<-- POST /session/7f9e2523-0ea7-40d8-bfe0-692c1c181f78/element/00000000-0000-00d9-0000-003d00000004/value [39m[32m200[39m [90m66 ms - 14[39m
[38;5;0m[HTTP][0m [90m[39m
[38;5;0m[HTTP][0m [37m-->[39m [37mPOST[39m [37m/session/7f9e2523-0ea7-40d8-bfe0-692c1c181f78/touch/perform[39m
[38;5;0m[HTTP][0m [90m{"actions":[{"action":"press","options":{"x":1139,"y":586}},{"action":"moveTo","options":{"x":1139,"y":328}},{"action":"release"}]}[39m
[debug] [38;5;32m[AndroidUiautomator2Driver@6c38 (7f9e2523)][0m Calling AppiumDriver.performTouch() with args: [[{"action":"press","options":{"x":1139,"y":586}},{"action":"moveTo","options":{"x":1139,"y":328}},{"action":"release"}],"7f9e2523-0ea7-40d8-bfe0-692c1c181f78"]
[debug] [38;5;32m[AndroidUiautomator2Driver@6c38 (7f9e2523)][0m Matched '/touch/down' to command name 'touchDown'
[debug] [38;5;32m[AndroidUiautomator2Driver@6c38 (7f9e2523)][0m Proxying [POST /touch/down] to [POST http://127.0.0.1:8201/session/f8fa0c93-678c-402e-9893-c42da7376df4/touch/down] with body: {"params":{"element":null,"x":1139,"y":586}}
[debug] [38;5;32m[AndroidUiautomator2Driver@6c38 (7f9e2523)][0m Got response with status 200: {"sessionId":"f8fa0c93-678c-402e-9893-c42da7376df4","value":null}
[debug] [38;5;32m[AndroidUiautomator2Driver@6c38 (7f9e2523)][0m Matched '/touch/move' to command name 'touchMove'
[debug] [38;5;32m[AndroidUiautomator2Driver@6c38 (7f9e2523)][0m Proxying [POST /touch/move] to [POST http://127.0.0.1:8201/session/f8fa0c93-678c-402e-9893-c42da7376df4/touch/move] with body: {"params":{"element":null,"x":1139,"y":328}}
[debug] [38;5;32m[AndroidUiautomator2Driver@6c38 (7f9e2523)][0m Got response with status 200: {"sessionId":"f8fa0c93-678c-402e-9893-c42da7376df4","value":null}
[debug] [38;5;32m[AndroidUiautomator2Driver@6c38 (7f9e2523)][0m Matched '/touch/up' to command name 'touchUp'
[debug] [38;5;32m[AndroidUiautomator2Driver@6c38 (7f9e2523)][0m Proxying [POST /touch/up] to [POST http://127.0.0.1:8201/session/f8fa0c93-678c-402e-9893-c42da7376df4/touch/up] with body: {"params":{"x":1139,"y":328}}
[debug] [38;5;32m[AndroidUiautomator2Driver@6c38 (7f9e2523)][0m Got response with status 200: {"sessionId":"f8fa0c93-678c-402e-9893-c42da7376df4","value":null}
[debug] [38;5;32m[AndroidUiautomator2Driver@6c38 (7f9e2523)][0m Responding to client with driver.performTouch() result: null
[38;5;0m[HTTP][0m [37m<-- POST /session/7f9e2523-0ea7-40d8-bfe0-692c1c181f78/touch/perform [39m[32m200[39m [90m2331 ms - 14[39m
[38;5;0m[HTTP][0m [90m[39m
[38;5;0m[HTTP][0m [37m-->[39m [37mPOST[39m [37m/session/7f9e2523-0ea7-40d8-bfe0-692c1c181f78/element[39m
[38;5;0m[HTTP][0m [90m{"using":"accessibility id","value":"Next"}[39m
[debug] [38;5;32m[AndroidUiautomator2Driver@6c38 (7f9e2523)][0m Calling AppiumDriver.findElement() with args: ["accessibility id","Next","7f9e2523-0ea7-40d8-bfe0-692c1c181f78"]
[debug] [38;5;32m[AndroidUiautomator2Driver@6c38 (7f9e2523)][0m Valid locator strategies for this request: xpath, id, class name, accessibility id, css selector, -android uiautomator
[debug] [38;5;32m[AndroidUiautomator2Driver@6c38 (7f9e2523)][0m Waiting up to 0 ms for condition
[debug] [38;5;32m[AndroidUiautomator2Driver@6c38 (7f9e2523)][0m Matched '/element' to command name 'findElement'
[debug] [38;5;32m[AndroidUiautomator2Driver@6c38 (7f9e2523)][0m Proxying [POST /element] to [POST http://127.0.0.1:8201/session/f8fa0c93-678c-402e-9893-c42da7376df4/element] with body: {"strategy":"accessibility id","selector":"Next","context":"","multiple":false}
[debug] [38;5;32m[AndroidUiautomator2Driver@6c38 (7f9e2523)][0m Got response with status 200: {"sessionId":"f8fa0c93-678c-402e-9893-c42da7376df4","value":{"ELEMENT":"00000000-0000-00d9-0000-003700000004","element-6066-11e4-a52e-4f735466cecf":"00000000-0000-00d9-0000-003700000004"}}
[debug] [38;5;32m[AndroidUiautomator2Driver@6c38 (7f9e2523)][0m Responding to client with driver.findElement() result: {"element-6066-11e4-a52e-4f735466cecf":"00000000-0000-00d9-0000-003700000004","ELEMENT":"00000000-0000-00d9-0000-003700000004"}
[38;5;0m[HTTP][0m [37m<-- POST /session/7f9e2523-0ea7-40d8-bfe0-692c1c181f78/element [39m[32m200[39m [90m20 ms - 137[39m
[38;5;0m[HTTP][0m [90m[39m
[38;5;0m[HTTP][0m [37m-->[39m [37mPOST[39m [37m/session/7f9e2523-0ea7-40d8-bfe0-692c1c181f78/element/00000000-0000-00d9-0000-003700000004/click[39m
[38;5;0m[HTTP][0m [90m{}[39m
[debug] [38;5;32m[AndroidUiautomator2Driver@6c38 (7f9e2523)][0m Calling AppiumDriver.click() with args: ["00000000-0000-00d9-0000-003700000004","7f9e2523-0ea7-40d8-bfe0-692c1c181f78"]
[debug] [38;5;32m[AndroidUiautomator2Driver@6c38 (7f9e2523)][0m Matched '/element/00000000-0000-00d9-0000-003700000004/click' to command name 'click'
[debug] [38;5;32m[AndroidUiautomator2Driver@6c38 (7f9e2523)][0m Proxying [POST /element/00000000-0000-00d9-0000-003700000004/click] to [POST http://127.0.0.1:8201/session/f8fa0c93-678c-402e-9893-c42da7376df4/element/00000000-0000-00d9-0000-003700000004/click] with body: {"element":"00000000-0000-00d9-0000-003700000004"}
[debug] [38;5;32m[AndroidUiautomator2Driver@6c38 (7f9e2523)][0m Got response with status 200: {"sessionId":"f8fa0c93-678c-402e-9893-c42da7376df4","value":null}
[debug] [38;5;32m[AndroidUiautomator2Driver@6c38 (7f9e2523)][0m Responding to client with driver.click() result: null
[38;5;0m[HTTP][0m [37m<-- POST /session/7f9e2523-0ea7-40d8-bfe0-692c1c181f78/element/00000000-0000-00d9-0000-003700000004/click [39m[32m200[39m [90m1080 ms - 14[39m
[38;5;0m[HTTP][0m [90m[39m
[38;5;0m[HTTP][0m [37m-->[39m [37mPOST[39m [37m/session/7f9e2523-0ea7-40d8-bfe0-692c1c181f78/elements[39m
[38;5;0m[HTTP][0m [90m{"using":"class name","value":"android.widget.ImageView"}[39m
[debug] [38;5;32m[AndroidUiautomator2Driver@6c38 (7f9e2523)][0m Calling AppiumDriver.findElements() with args: ["class name","android.widget.ImageView","7f9e2523-0ea7-40d8-bfe0-692c1c181f78"]
[debug] [38;5;32m[AndroidUiautomator2Driver@6c38 (7f9e2523)][0m Valid locator strategies for this request: xpath, id, class name, accessibility id, css selector, -android uiautomator
[debug] [38;5;32m[AndroidUiautomator2Driver@6c38 (7f9e2523)][0m Waiting up to 0 ms for condition
[debug] [38;5;32m[AndroidUiautomator2Driver@6c38 (7f9e2523)][0m Matched '/elements' to command name 'findElements'
[debug] [38;5;32m[AndroidUiautomator2Driver@6c38 (7f9e2523)][0m Proxying [POST /elements] to [POST http://127.0.0.1:8201/session/f8fa0c93-678c-402e-9893-c42da7376df4/elements] with body: {"strategy":"class name","selector":"android.widget.ImageView","context":"","multiple":true}
[debug] [38;5;32m[AndroidUiautomator2Driver@6c38 (7f9e2523)][0m Got response with status 200: {"sessionId":"f8fa0c93-678c-402e-9893-c42da7376df4","value":[{"ELEMENT":"00000000-0000-00d9-0000-004200000004","element-6066-11e4-a52e-4f735466cecf":"00000000-0000-00d9-0000-004200000004"}]}
[debug] [38;5;32m[AndroidUiautomator2Driver@6c38 (7f9e2523)][0m Responding to client with driver.findElements() result: [{"element-6066-11e4-a52e-4f735466cecf":"00000000-0000-00d9-0000-004200000004","ELEMENT":"00000000-0000-00d9-0000-004200000004"}]
[38;5;0m[HTTP][0m [37m<-- POST /session/7f9e2523-0ea7-40d8-bfe0-692c1c181f78/elements [39m[32m200[39m [90m120 ms - 139[39m
[38;5;0m[HTTP][0m [90m[39m
[38;5;0m[HTTP][0m [37m-->[39m [37mDELETE[39m [37m/session/7f9e2523-0ea7-40d8-bfe0-692c1c181f78[39m
[38;5;0m[HTTP][0m [90m{}[39m
[debug] [38;5;32m[AndroidUiautomator2Driver@6c38 (7f9e2523)][0m Calling AppiumDriver.deleteSession() with args: ["7f9e2523-0ea7-40d8-bfe0-692c1c181f78"]
[debug] [38;5;16m[AppiumDriver@cfdb][0m Event 'quitSessionRequested' logged at 1689232485153 (14:14:45 GMT+0700 (Indochina Time))
[38;5;16m[AppiumDriver@cfdb][0m Removing session 7f9e2523-0ea7-40d8-bfe0-692c1c181f78 from our master session list
[debug] [38;5;32m[AndroidUiautomator2Driver@6c38 (7f9e2523)][0m Deleting UiAutomator2 session
[debug] [38;5;32m[AndroidUiautomator2Driver@6c38 (7f9e2523)][0m Deleting UiAutomator2 server session
[debug] [38;5;32m[AndroidUiautomator2Driver@6c38 (7f9e2523)][0m Matched '/' to command name 'deleteSession'
[debug] [38;5;32m[AndroidUiautomator2Driver@6c38 (7f9e2523)][0m Proxying [DELETE /] to [DELETE http://127.0.0.1:8201/session/f8fa0c93-678c-402e-9893-c42da7376df4] with no body
[debug] [38;5;32m[AndroidUiautomator2Driver@6c38 (7f9e2523)][0m Got response with status 200: {"sessionId":"f8fa0c93-678c-402e-9893-c42da7376df4","value":null}
[debug] [38;5;64m[ADB][0m Running 'D:\Android\platform-tools\adb.exe -P 5037 -s emulator-5554 shell dumpsys activity services io.appium.settings/.recorder.RecorderService'
[debug] [38;5;96m[Logcat][0m Stopping logcat capture
[debug] [38;5;64m[ADB][0m Removing forwarded port socket connection: 8201 
[debug] [38;5;64m[ADB][0m Running 'D:\Android\platform-tools\adb.exe -P 5037 -s emulator-5554 forward --remove tcp:8201'
[38;5;32m[AndroidUiautomator2Driver@6c38 (7f9e2523)][0m Restoring hidden api policy to the device default configuration
[debug] [38;5;64m[ADB][0m Running 'D:\Android\platform-tools\adb.exe -P 5037 -s emulator-5554 shell 'settings delete global hidden_api_policy_pre_p_apps;settings delete global hidden_api_policy_p_apps;settings delete global hidden_api_policy''
[debug] [38;5;16m[AppiumDriver@cfdb][0m Event 'quitSessionFinished' logged at 1689232485571 (14:14:45 GMT+0700 (Indochina Time))
[debug] [38;5;16m[AppiumDriver@cfdb][0m Received response: null
[debug] [38;5;16m[AppiumDriver@cfdb][0m But deleting session, so not returning
[debug] [38;5;16m[AppiumDriver@cfdb][0m Responding to client with driver.deleteSession() result: null
[38;5;0m[HTTP][0m [37m<-- DELETE /session/7f9e2523-0ea7-40d8-bfe0-692c1c181f78 [39m[32m200[39m [90m421 ms - 14[39m
[38;5;0m[HTTP][0m [90m[39m
